shuichang/proguard/seeds.txt
com.baidu.location.c.a$a
com.baidu.location.c.a$a: java.lang.String a
com.baidu.location.c.a$a: java.lang.Long c
com.baidu.location.c.a$a: com.baidu.location.BDLocation d
com.baidu.location.c.a$a: com.baidu.location.BDLocation e
com.baidu.location.c.a$a: com.baidu.location.BDLocation f
com.baidu.location.c.a$a: java.lang.String g
com.baidu.location.c.a$a: java.util.LinkedHashMap h
com.baidu.location.c.a$a: com.baidu.location.c.a b
com.baidu.location.c.a$a: a$a(com.baidu.location.c.a,java.lang.String,java.lang.Long,com.baidu.location.BDLocation,com.baidu.location.BDLocation,com.baidu.location.BDLocation,java.lang.String,java.util.LinkedHashMap)
com.baidu.location.c.a$a: void run()
com.baidu.location.c.a$a: a$a(com.baidu.location.c.a,java.lang.String,java.lang.Long,com.baidu.location.BDLocation,com.baidu.location.BDLocation,com.baidu.location.BDLocation,java.lang.String,java.util.LinkedHashMap,com.baidu.location.c.c)
com.baidu.location.c.a$b
com.baidu.location.c.a$b: java.lang.String c
com.baidu.location.c.a$b: java.lang.String d
com.baidu.location.c.a$b: java.lang.String e
com.baidu.location.c.a$b: com.baidu.location.c.a f
com.baidu.location.c.a$b: boolean g
com.baidu.location.c.a$b: int h
com.baidu.location.c.a$b: long i
com.baidu.location.c.a$b: long j
com.baidu.location.c.a$b: long k
com.baidu.location.c.a$b: long l
com.baidu.location.c.a$b: com.baidu.location.c.a b
com.baidu.location.c.a$b: a$b(com.baidu.location.c.a,com.baidu.location.c.a,boolean)
com.baidu.location.c.a$b: void au()
com.baidu.location.c.a$b: void int(boolean)
com.baidu.location.c.a$b: void a()
com.baidu.location.c.a$b: void b()
com.baidu.location.c.a$b: boolean c()
com.baidu.location.c.a$b: void d()
com.baidu.location.c.a$b: java.lang.String e()
com.baidu.location.c.a$b: java.lang.String f()
com.baidu.location.c.a$b: java.lang.String g()
com.baidu.location.c.a$b: java.lang.String h()
com.baidu.location.c.a$b: boolean i()
com.baidu.location.c.a$b: void a(java.lang.String,java.lang.String,java.lang.String)
com.baidu.location.c.a$b: void a(com.baidu.location.c.a$b,java.lang.String,java.lang.String,java.lang.String)
com.baidu.location.c.a$b: boolean a(com.baidu.location.c.a$b,boolean)
com.baidu.location.c.a$b: long a(com.baidu.location.c.a$b,long)
com.baidu.location.c.a$b: com.baidu.location.c.a a(com.baidu.location.c.a$b)
com.baidu.location.c.a$b: void b(com.baidu.location.c.a$b)
com.baidu.location.c.a$c
com.baidu.location.c.a$c: double a
com.baidu.location.c.a$c: double b
com.baidu.location.c.a$c: double c
com.baidu.location.c.a$c: a$c(double,double,double)
com.baidu.location.c.a$c: a$c(double,double,double,com.baidu.location.c.c)