shuichang/proguard/mapping.txt
com.baidu.platform.comapi.map.l -> com.baidu.platform.comapi.map.l:
com.baidu.platform.comapi.map.m -> com.baidu.platform.comapi.map.m:
com.baidu.platform.comapi.map.n -> com.baidu.platform.comapi.map.n:
    android.os.Bundle a(int,int,int) -> a
com.baidu.platform.comapi.map.o -> com.baidu.platform.comapi.map.o:
com.baidu.platform.comapi.map.p -> com.baidu.platform.comapi.map.p:
com.baidu.platform.comapi.map.q -> com.baidu.platform.comapi.map.q:
    int a -> a
    java.lang.String b -> b
    int c -> c
    int d -> d
    java.util.ArrayList e -> e
    void a(java.util.ArrayList) -> a
    java.util.ArrayList a() -> a
com.baidu.platform.comapi.map.r -> com.baidu.platform.comapi.map.r:
    java.lang.String a -> a
    com.baidu.platform.comjni.map.basemap.a b -> b
    com.baidu.platform.comapi.map.r c -> c
    com.baidu.platform.comapi.map.w d -> d
    android.os.Handler e -> e
    com.baidu.platform.comapi.map.r a() -> a
    void g() -> g
    void h() -> h
    void b() -> b
    void a(com.baidu.platform.comapi.map.v) -> a
    void b(com.baidu.platform.comapi.map.v) -> b
    boolean a(int) -> a
    boolean b(int) -> b
    boolean c(int) -> c
    boolean d(int) -> d
    boolean e(int) -> e
    boolean a(boolean,boolean) -> a
    boolean f(int) -> f
    java.util.ArrayList c() -> c
    java.util.ArrayList d() -> d
    java.util.ArrayList a(java.lang.String) -> a
    com.baidu.platform.comapi.map.u g(int) -> g
    java.util.ArrayList e() -> e
    com.baidu.platform.comapi.map.r f() -> f
    com.baidu.platform.comapi.map.w a(com.baidu.platform.comapi.map.r) -> a
com.baidu.platform.comapi.map.s -> com.baidu.platform.comapi.map.s:
    com.baidu.platform.comapi.map.r a -> a
    void handleMessage(android.os.Message) -> handleMessage
com.baidu.platform.comapi.map.t -> com.baidu.platform.comapi.map.t:
    int a -> a
    java.lang.String b -> b
    java.lang.String c -> c
    java.lang.String d -> d
    int e -> e
    int f -> f
    com.baidu.mapapi.model.inner.GeoPoint g -> g
    int h -> h
    int i -> i
    boolean j -> j
    int k -> k
    int l -> l
com.baidu.platform.comapi.map.u -> com.baidu.platform.comapi.map.u:
    com.baidu.platform.comapi.map.t a -> a
    void a(com.baidu.platform.comapi.map.t) -> a
    com.baidu.platform.comapi.map.t a() -> a
com.baidu.platform.comapi.map.v -> com.baidu.platform.comapi.map.v:
    void a(int,int) -> a
com.baidu.platform.comapi.map.w -> com.baidu.platform.comapi.map.w:
    java.lang.String a -> a
    com.baidu.platform.comapi.map.v b -> b
    void a(com.baidu.platform.comapi.map.v) -> a
    void b(com.baidu.platform.comapi.map.v) -> b
    void a(android.os.Message) -> a
com.baidu.platform.comapi.map.x -> com.baidu.platform.comapi.map.x:
com.baidu.platform.comapi.map.y -> com.baidu.platform.comapi.map.y:
    com.baidu.platform.comapi.map.y a -> a
    com.baidu.platform.comapi.map.y b -> b
    com.baidu.platform.comapi.map.y c -> c
    int d -> d
    com.baidu.platform.comapi.map.y[] e -> e
    com.baidu.platform.comapi.map.y[] values() -> values
    com.baidu.platform.comapi.map.y valueOf(java.lang.String) -> valueOf
com.baidu.platform.comapi.map.z -> com.baidu.platform.comapi.map.z:
    com.baidu.platform.comapi.map.B a -> a
    boolean b -> b
    int c -> c
    boolean d -> d
    boolean e -> e
    boolean f -> f
    boolean g -> g
    com.baidu.platform.comapi.map.z a(com.baidu.platform.comapi.map.B) -> a
    com.baidu.platform.comapi.map.z a(boolean) -> a
    com.baidu.platform.comapi.map.z a(int) -> a
    com.baidu.platform.comapi.map.z b(boolean) -> b
    com.baidu.platform.comapi.map.z c(boolean) -> c
    com.baidu.platform.comapi.map.z d(boolean) -> d
    com.baidu.platform.comapi.map.z e(boolean) -> e