shuichang/proguard/usage.txt
com.example.shuichang.BuildConfig
com.example.shuichang.R
com.example.shuichang.R$attr
com.example.shuichang.R$color
com.example.shuichang.R$dimen
com.example.shuichang.R$drawable
com.example.shuichang.R$id
com.example.shuichang.R$layout
com.example.shuichang.R$menu
com.example.shuichang.R$string
com.example.shuichang.R$style
...
com.iflytek.speech.SpeakerVerifierAidl
com.iflytek.speech.SpeakerVerifierAidl$DownloadListener
com.iflytek.speech.SpeakerVerifierAidl$PassWord
com.iflytek.speech.SpeechComponent:
    public java.util.ArrayList getEngines()
    public boolean isEngineAvaible(java.lang.String)
com.iflytek.speech.SpeechRecognizerAidl:
    public int startListening(com.iflytek.speech.RecognizerListener)
    public int stopListening(com.iflytek.speech.RecognizerListener)
    public int cancel(com.iflytek.speech.RecognizerListener)
    public boolean isListening()
    public int buildGrammar(java.lang.String,java.lang.String,com.iflytek.speech.GrammarListener)
    public int updateLexicon(java.lang.String,java.lang.String,com.iflytek.speech.LexiconListener)
    public int writeAudio(byte[],int,int)
com.iflytek.speech.SpeechSynthesizerAidl:
    public int synthesizeToUrl(java.lang.String,com.iflytek.speech.SynthesizerListener)
    public int pauseSpeaking(com.iflytek.speech.SynthesizerListener)
    public int resumeSpeaking(com.iflytek.speech.SynthesizerListener)
    public int stopSpeaking(com.iflytek.speech.SynthesizerListener)
    public boolean isSpeaking()
com.iflytek.speech.SpeechUnderstanderAidl:
    public int startUnderstanding(com.iflytek.speech.SpeechUnderstanderListener)
    public int stopUnderstanding(com.iflytek.speech.SpeechUnderstanderListener)
    public boolean isUnderstanding()
    public int cancel(com.iflytek.speech.SpeechUnderstanderListener)
    public int writeAudio(byte[],int,int)
com.iflytek.speech.SpeechUnderstanderListener
com.iflytek.speech.SpeechUnderstanderListener$Stub
com.iflytek.speech.SpeechUnderstanderListener$Stub$Proxy
com.iflytek.speech.SynthesizeToUrlListener
com.iflytek.speech.SynthesizeToUrlListener$Stub
com.iflytek.speech.SynthesizeToUrlListener$Stub$Proxy
com.iflytek.speech.SynthesizerListener$Stub:
    private static final java.lang.String DESCRIPTOR
    static final int TRANSACTION_onSpeakBegin
    static final int TRANSACTION_onSpeakPaused
    static final int TRANSACTION_onSpeakResumed
    static final int TRANSACTION_onCompleted
    static final int TRANSACTION_onSpeakProgress
    static final int TRANSACTION_onBufferProgress
    static final int TRANSACTION_onEvent
    public static com.iflytek.speech.SynthesizerListener asInterface(android.os.IBinder)
com.iflytek.speech.SynthesizerListener$Stub$Proxy
com.iflytek.speech.TextUnderstanderAidl:
    public static final java.lang.String SCENE
    private static final java.lang.String TEXT
    public boolean isUnderstanding()
    public int cancel(com.iflytek.speech.TextUnderstanderListener)
    public int understandText(java.lang.String,com.iflytek.speech.TextUnderstanderListener)
com.iflytek.speech.TextUnderstanderListener
com.iflytek.speech.TextUnderstanderListener$Stub
com.iflytek.speech.TextUnderstanderListener$Stub$Proxy
com.iflytek.speech.UnderstanderResult
com.iflytek.speech.UnderstanderResult$1